<?xml version="1.0" encoding="UTF-8"?>
<!-- Generated by org.testng.reporters.JUnitXMLReporter -->
<testsuite hostname="DESKTOP-GKA213I" name="TC-2. Negative Login validation." tests="1" failures="1" timestamp="15 Apr 2022 07:20:39 GMT" time="19.093" errors="0">
  <testcase name="login_negative" time="8.568" classname="com.index.LoginIndex">
    <failure type="java.lang.AssertionError" message="Login is not successful. expected [true] but found [false]">
      <![CDATA[java.lang.AssertionError: Login is not successful. expected [true] but found [false]
	at com.index.LoginIndex.login_negative(LoginIndex.java:74)
... Removed 30 stack frames]]>
    </failure>
  </testcase> <!-- login_negative -->
</testsuite> <!-- TC-2. Negative Login validation. -->
