<?xml version="1.0" encoding="UTF-8"?>
<testng-results skipped="0" failed="0" ignored="0" total="1" passed="1">
  <reporter-output>
    <line>
      <![CDATA[<br>current test- TC-1. Login validation.]]>
    </line>
    <line>
      <![CDATA[Current Xml Suite is:---->Login Test Cases]]>
    </line>
    <line>
      <![CDATA[<br>Step 1 : Verify 'Login' is successful.<br>]]>
    </line>
  </reporter-output>
  <suite name="Login Test Cases" duration-ms="42226" started-at="2022-06-23T07:11:17Z" finished-at="2022-06-23T07:11:59Z">
    <groups>
    </groups>
    <test name="TC-1. Login validation." duration-ms="42226" started-at="2022-06-23T07:11:17Z" finished-at="2022-06-23T07:11:59Z">
      <class name="com.index.LoginIndex">
        <test-method status="PASS" signature="fetchSuiteConfiguration(org.testng.ITestContext)[pri:0, instance:com.index.LoginIndex@13a3d88]" name="fetchSuiteConfiguration" is-config="true" duration-ms="333" started-at="2022-06-23T07:11:16Z" finished-at="2022-06-23T07:11:17Z">
          <params>
            <param index="0">
              <value>
                <![CDATA[org.testng.TestRunner@23134f]]>
              </value>
            </param>
          </params>
          <reporter-output>
          </reporter-output>
        </test-method> <!-- fetchSuiteConfiguration -->
        <test-method status="PASS" signature="one(org.testng.ITestContext)[pri:0, instance:com.index.LoginIndex@13a3d88]" name="one" is-config="true" duration-ms="0" started-at="2022-06-23T07:11:17Z" finished-at="2022-06-23T07:11:17Z">
          <params>
            <param index="0">
              <value>
                <![CDATA[org.testng.TestRunner@23134f]]>
              </value>
            </param>
          </params>
          <reporter-output>
          </reporter-output>
        </test-method> <!-- one -->
        <test-method status="PASS" signature="setUp(java.lang.reflect.Method, org.testng.ITestContext)[pri:0, instance:com.index.LoginIndex@13a3d88]" name="setUp" is-config="true" duration-ms="14826" started-at="2022-06-23T07:11:17Z" finished-at="2022-06-23T07:11:31Z">
          <params>
            <param index="0">
              <value>
                <![CDATA[public void com.index.LoginIndex.login() throws java.lang.Exception]]>
              </value>
            </param>
            <param index="1">
              <value>
                <![CDATA[org.testng.TestRunner@23134f]]>
              </value>
            </param>
          </params>
          <reporter-output>
            <line>
              <![CDATA[<br>current test- TC-1. Login validation.]]>
            </line>
            <line>
              <![CDATA[Current Xml Suite is:---->Login Test Cases]]>
            </line>
          </reporter-output>
        </test-method> <!-- setUp -->
        <test-method status="PASS" signature="login()[pri:0, instance:com.index.LoginIndex@13a3d88]" name="login" duration-ms="26329" started-at="2022-06-23T07:11:31Z" finished-at="2022-06-23T07:11:58Z">
          <reporter-output>
            <line>
              <![CDATA[<br>Step 1 : Verify 'Login' is successful.<br>]]>
            </line>
          </reporter-output>
        </test-method> <!-- login -->
        <test-method status="PASS" signature="tearDown(org.testng.ITestResult)[pri:0, instance:com.index.LoginIndex@13a3d88]" name="tearDown" is-config="true" duration-ms="1039" started-at="2022-06-23T07:11:58Z" finished-at="2022-06-23T07:11:59Z">
          <params>
            <param index="0">
              <value>
                <![CDATA[[TestResult name=login status=SUCCESS method=LoginIndex.login()[pri:0, instance:com.index.LoginIndex@13a3d88] output=<br>Step 1 : Verify 'Login' is successful.<br>]]]>
              </value>
            </param>
          </params>
          <reporter-output>
          </reporter-output>
        </test-method> <!-- tearDown -->
        <test-method status="PASS" signature="testResults()[pri:0, instance:com.index.LoginIndex@13a3d88]" name="testResults" is-config="true" duration-ms="537" started-at="2022-06-23T07:11:59Z" finished-at="2022-06-23T07:11:59Z">
          <reporter-output>
          </reporter-output>
        </test-method> <!-- testResults -->
      </class> <!-- com.index.LoginIndex -->
    </test> <!-- TC-1. Login validation. -->
  </suite> <!-- Login Test Cases -->
</testng-results>
