<?xml version="1.0" encoding="UTF-8"?>
<testsuite xmlns:xsi="http://www.w3.org/2001/XMLSchema-instance" xsi:schemaLocation="https://maven.apache.org/surefire/maven-surefire-plugin/xsd/surefire-test-report.xsd" name="TestSuite" time="42.57" tests="2" errors="0" skipped="0" failures="1">
  <properties>
[...]
</properties>
  <testcase name="login" classname="com.index.LoginIndex" time="7.874"/>
  <testcase name="login_negative" classname="com.index.LoginIndex" time="8.581">
    <failure message="Login is not successful. expected [true] but found [false]" type="java.lang.AssertionError">java.lang.AssertionError: Login is not successful. expected [true] but found [false]
	at com.index.LoginIndex.login_negative(LoginIndex.java:74)
</failure>
    <system-out><![CDATA[TEST PASSED - login

--------------- Test status : 1 ---------------
message from tear downorg.openqa.selenium.NoSuchSessionException: Tried to run command without establishing a connection
Build info: version: '3.11.0', revision: 'e59cfb3', time: '2018-03-11T20:26:55.152Z'
System info: host: 'DESKTOP-GKA213I', ip: '192.168.43.152', os.name: 'Windows 10', os.arch: 'x86', os.version: '10.0', java.version: '1.8.0_121'
Driver info: org.openqa.selenium.firefox.FirefoxDriver
Capabilities {acceptInsecureCerts: true, browserName: firefox, browserVersion: 99.0.1, javascriptEnabled: true, moz:accessibilityChecks: false, moz:buildID: 20220411174855, moz:geckodriverVersion: 0.23.0, moz:headless: false, moz:processID: 3172, moz:profile: C:\Users\BAPS\AppData\Local..., moz:shutdownTimeout: 60000, moz:useNonSpecCompliantPointerOrigin: false, moz:webdriverClick: true, pageLoadStrategy: normal, platform: WINDOWS, platformName: WINDOWS, platformVersion: 10.0, proxy: Proxy(), setWindowRect: true, strictFileInteractability: false, timeouts: {implicit: 0, pageLoad: 300000, script: 30000}, unhandledPromptBehavior: dismiss and notify}
Session ID: dfa8e1fc-d838-48fd-98f3-64d2b8eb4cc3
======current test- TC-2. Negative Login validation.======
Current Xml Suite is:---->Login Test Cases
firefox
========= Mozilla Firefox Browser ==========
Current Window Handle ID:--->1bef7a6a-f321-4b3d-b2ee-4147d7e100d2
Username is: qbankadmin
Password is: pass123
Step 1 : Enter username.
======Step 1 : Enter username.<br>======
Step 2 : Enter password.
======Step 2 : Enter password.<br>======
Step 3 : Click on Signin button.
======Step 3 : Click on Signin button.<br>======
Step 4 : Verify 'Login' is successful.
======Step 4 : Verify 'Login' is successful.<br>======
]]></system-out>
    <system-err><![CDATA[1650007218952	Marionette	INFO	Stopped listening on port 63627

###!!! [Child][PContentChild] Error: RunMessage(msgname=PHttpChannel::Msg_DeleteSelf) Channel closing: too late to send/recv, messages will be lost

Apr 15, 2022 12:50:20 PM org.openqa.selenium.remote.DesiredCapabilities firefox
INFO: Using `new FirefoxOptions()` is preferred to `DesiredCapabilities.firefox()`
1650007220850	mozrunner::runner	INFO	Running command: "C:\\Program Files\\Mozilla Firefox\\firefox.exe" "-marionette" "-foreground" "-no-remote" "-profile" "C:\\Users\\BAPS\\AppData\\Local\\Temp\\rust_mozprofile.Z7DtRCsabdMq"
1650007221444	Marionette	INFO	Marionette enabled
JavaScript error: resource://gre/modules/XULStore.jsm, line 66: Error: Can't find profile directory.
1650007224457	Marionette	INFO	Listening on port 63711
1650007224570	RemoteAgent	WARN	TLS certificate errors will be ignored for this session
Apr 15, 2022 12:50:24 PM org.openqa.selenium.remote.ProtocolHandshake createSession
INFO: Detected dialect: W3C
]]></system-err>
  </testcase>
</testsuite>